<?xml version="1.0" encoding="UTF-8"?>
<testsuites>
  <testsuite name="" tests="62" assertions="114" failures="0" errors="0" time="0.305429">
    <testsuite name="Icecave\Skew\Entities\Messages\Job\JobAcceptMessageTest" file="/home/travis/build/IcecaveStudios/skew-entities/test/suite/Icecave/Skew/Entities/Messages/Job/JobAcceptMessageTest.php" namespace="Icecave\Skew\Entities\Messages\Job" fullPackage="Icecave.Skew.Entities.Messages.Job" tests="5" assertions="9" failures="0" errors="0" time="0.034799">
      <testcase name="testInterfaces" class="Icecave\Skew\Entities\Messages\Job\JobAcceptMessageTest" file="/home/travis/build/IcecaveStudios/skew-entities/test/suite/Icecave/Skew/Entities/Messages/Job/JobAcceptMessageTest.php" line="14" assertions="5" time="0.011091"/>
      <testcase name="testType" class="Icecave\Skew\Entities\Messages\Job\JobAcceptMessageTest" file="/home/travis/build/IcecaveStudios/skew-entities/test/suite/Icecave/Skew/Entities/Messages/Job/JobAcceptMessageTest.php" line="24" assertions="1" time="0.003783"/>
      <testcase name="testSetJob" class="Icecave\Skew\Entities\Messages\Job\JobAcceptMessageTest" file="/home/travis/build/IcecaveStudios/skew-entities/test/suite/Icecave/Skew/Entities/Messages/Job/JobAcceptMessageTest.php" line="32" assertions="1" time="0.003661"/>
      <testcase name="testSetProcessor" class="Icecave\Skew\Entities\Messages\Job\JobAcceptMessageTest" file="/home/travis/build/IcecaveStudios/skew-entities/test/suite/Icecave/Skew/Entities/Messages/Job/JobAcceptMessageTest.php" line="41" assertions="1" time="0.003409"/>
      <testcase name="testAccept" class="Icecave\Skew\Entities\Messages\Job\JobAcceptMessageTest" file="/home/travis/build/IcecaveStudios/skew-entities/test/suite/Icecave/Skew/Entities/Messages/Job/JobAcceptMessageTest.php" line="47" assertions="1" time="0.012855"/>
    </testsuite>
    <testsuite name="Icecave\Skew\Entities\Messages\Job\JobCompleteMessageTest" file="/home/travis/build/IcecaveStudios/skew-entities/test/suite/Icecave/Skew/Entities/Messages/Job/JobCompleteMessageTest.php" namespace="Icecave\Skew\Entities\Messages\Job" fullPackage="Icecave.Skew.Entities.Messages.Job" tests="5" assertions="9" failures="0" errors="0" time="0.018934">
      <testcase name="testInterfaces" class="Icecave\Skew\Entities\Messages\Job\JobCompleteMessageTest" file="/home/travis/build/IcecaveStudios/skew-entities/test/suite/Icecave/Skew/Entities/Messages/Job/JobCompleteMessageTest.php" line="14" assertions="5" time="0.004339"/>
      <testcase name="testType" class="Icecave\Skew\Entities\Messages\Job\JobCompleteMessageTest" file="/home/travis/build/IcecaveStudios/skew-entities/test/suite/Icecave/Skew/Entities/Messages/Job/JobCompleteMessageTest.php" line="24" assertions="1" time="0.003052"/>
      <testcase name="testSetJob" class="Icecave\Skew\Entities\Messages\Job\JobCompleteMessageTest" file="/home/travis/build/IcecaveStudios/skew-entities/test/suite/Icecave/Skew/Entities/Messages/Job/JobCompleteMessageTest.php" line="32" assertions="1" time="0.003125"/>
      <testcase name="testSetProcessor" class="Icecave\Skew\Entities\Messages\Job\JobCompleteMessageTest" file="/home/travis/build/IcecaveStudios/skew-entities/test/suite/Icecave/Skew/Entities/Messages/Job/JobCompleteMessageTest.php" line="41" assertions="1" time="0.003076"/>
      <testcase name="testAccept" class="Icecave\Skew\Entities\Messages\Job\JobCompleteMessageTest" file="/home/travis/build/IcecaveStudios/skew-entities/test/suite/Icecave/Skew/Entities/Messages/Job/JobCompleteMessageTest.php" line="47" assertions="1" time="0.005342"/>
    </testsuite>
    <testsuite name="Icecave\Skew\Entities\Messages\Job\JobErrorMessageTest" file="/home/travis/build/IcecaveStudios/skew-entities/test/suite/Icecave/Skew/Entities/Messages/Job/JobErrorMessageTest.php" namespace="Icecave\Skew\Entities\Messages\Job" fullPackage="Icecave.Skew.Entities.Messages.Job" tests="7" assertions="12" failures="0" errors="0" time="0.028748">
      <testcase name="testInterfaces" class="Icecave\Skew\Entities\Messages\Job\JobErrorMessageTest" file="/home/travis/build/IcecaveStudios/skew-entities/test/suite/Icecave/Skew/Entities/Messages/Job/JobErrorMessageTest.php" line="14" assertions="5" time="0.004536"/>
      <testcase name="testType" class="Icecave\Skew\Entities\Messages\Job\JobErrorMessageTest" file="/home/travis/build/IcecaveStudios/skew-entities/test/suite/Icecave/Skew/Entities/Messages/Job/JobErrorMessageTest.php" line="24" assertions="1" time="0.003184"/>
      <testcase name="testSetJob" class="Icecave\Skew\Entities\Messages\Job\JobErrorMessageTest" file="/home/travis/build/IcecaveStudios/skew-entities/test/suite/Icecave/Skew/Entities/Messages/Job/JobErrorMessageTest.php" line="32" assertions="1" time="0.003273"/>
      <testcase name="testSetProcessor" class="Icecave\Skew\Entities\Messages\Job\JobErrorMessageTest" file="/home/travis/build/IcecaveStudios/skew-entities/test/suite/Icecave/Skew/Entities/Messages/Job/JobErrorMessageTest.php" line="41" assertions="1" time="0.003498"/>
      <testcase name="testReason" class="Icecave\Skew\Entities\Messages\Job\JobErrorMessageTest" file="/home/travis/build/IcecaveStudios/skew-entities/test/suite/Icecave/Skew/Entities/Messages/Job/JobErrorMessageTest.php" line="50" assertions="1" time="0.003471"/>
      <testcase name="testSetReschedule" class="Icecave\Skew\Entities\Messages\Job\JobErrorMessageTest" file="/home/travis/build/IcecaveStudios/skew-entities/test/suite/Icecave/Skew/Entities/Messages/Job/JobErrorMessageTest.php" line="55" assertions="2" time="0.004884"/>
      <testcase name="testAccept" class="Icecave\Skew\Entities\Messages\Job\JobErrorMessageTest" file="/home/travis/build/IcecaveStudios/skew-entities/test/suite/Icecave/Skew/Entities/Messages/Job/JobErrorMessageTest.php" line="62" assertions="1" time="0.005902"/>
    </testsuite>
    <testsuite name="Icecave\Skew\Entities\Messages\Job\JobLogMessageTest" file="/home/travis/build/IcecaveStudios/skew-entities/test/suite/Icecave/Skew/Entities/Messages/Job/JobLogMessageTest.php" namespace="Icecave\Skew\Entities\Messages\Job" fullPackage="Icecave.Skew.Entities.Messages.Job" tests="7" assertions="11" failures="0" errors="0" time="0.029217">
      <testcase name="testInterfaces" class="Icecave\Skew\Entities\Messages\Job\JobLogMessageTest" file="/home/travis/build/IcecaveStudios/skew-entities/test/suite/Icecave/Skew/Entities/Messages/Job/JobLogMessageTest.php" line="14" assertions="5" time="0.007289"/>
      <testcase name="testType" class="Icecave\Skew\Entities\Messages\Job\JobLogMessageTest" file="/home/travis/build/IcecaveStudios/skew-entities/test/suite/Icecave/Skew/Entities/Messages/Job/JobLogMessageTest.php" line="24" assertions="1" time="0.003306"/>
      <testcase name="testSetJob" class="Icecave\Skew\Entities\Messages\Job\JobLogMessageTest" file="/home/travis/build/IcecaveStudios/skew-entities/test/suite/Icecave/Skew/Entities/Messages/Job/JobLogMessageTest.php" line="32" assertions="1" time="0.003438"/>
      <testcase name="testSetProcessor" class="Icecave\Skew\Entities\Messages\Job\JobLogMessageTest" file="/home/travis/build/IcecaveStudios/skew-entities/test/suite/Icecave/Skew/Entities/Messages/Job/JobLogMessageTest.php" line="41" assertions="1" time="0.003308"/>
      <testcase name="testLevel" class="Icecave\Skew\Entities\Messages\Job\JobLogMessageTest" file="/home/travis/build/IcecaveStudios/skew-entities/test/suite/Icecave/Skew/Entities/Messages/Job/JobLogMessageTest.php" line="47" assertions="1" time="0.003257"/>
      <testcase name="testMessage" class="Icecave\Skew\Entities\Messages\Job\JobLogMessageTest" file="/home/travis/build/IcecaveStudios/skew-entities/test/suite/Icecave/Skew/Entities/Messages/Job/JobLogMessageTest.php" line="52" assertions="1" time="0.003121"/>
      <testcase name="testAccept" class="Icecave\Skew\Entities\Messages\Job\JobLogMessageTest" file="/home/travis/build/IcecaveStudios/skew-entities/test/suite/Icecave/Skew/Entities/Messages/Job/JobLogMessageTest.php" line="57" assertions="1" time="0.005498"/>
    </testsuite>
    <testsuite name="Icecave\Skew\Entities\Messages\Job\JobProgressMessageTest" file="/home/travis/build/IcecaveStudios/skew-entities/test/suite/Icecave/Skew/Entities/Messages/Job/JobProgressMessageTest.php" namespace="Icecave\Skew\Entities\Messages\Job" fullPackage="Icecave.Skew.Entities.Messages.Job" tests="8" assertions="15" failures="0" errors="0" time="0.032357">
      <testcase name="testInterfaces" class="Icecave\Skew\Entities\Messages\Job\JobProgressMessageTest" file="/home/travis/build/IcecaveStudios/skew-entities/test/suite/Icecave/Skew/Entities/Messages/Job/JobProgressMessageTest.php" line="14" assertions="5" time="0.004644"/>
      <testcase name="testType" class="Icecave\Skew\Entities\Messages\Job\JobProgressMessageTest" file="/home/travis/build/IcecaveStudios/skew-entities/test/suite/Icecave/Skew/Entities/Messages/Job/JobProgressMessageTest.php" line="24" assertions="1" time="0.003196"/>
      <testcase name="testSetJob" class="Icecave\Skew\Entities\Messages\Job\JobProgressMessageTest" file="/home/travis/build/IcecaveStudios/skew-entities/test/suite/Icecave/Skew/Entities/Messages/Job/JobProgressMessageTest.php" line="32" assertions="1" time="0.003208"/>
      <testcase name="testSetProcessor" class="Icecave\Skew\Entities\Messages\Job\JobProgressMessageTest" file="/home/travis/build/IcecaveStudios/skew-entities/test/suite/Icecave/Skew/Entities/Messages/Job/JobProgressMessageTest.php" line="41" assertions="1" time="0.003264"/>
      <testcase name="testSetProgress" class="Icecave\Skew\Entities\Messages\Job\JobProgressMessageTest" file="/home/travis/build/IcecaveStudios/skew-entities/test/suite/Icecave/Skew/Entities/Messages/Job/JobProgressMessageTest.php" line="47" assertions="2" time="0.003573"/>
      <testcase name="testSetProgressFailureOverflow" class="Icecave\Skew\Entities\Messages\Job\JobProgressMessageTest" file="/home/travis/build/IcecaveStudios/skew-entities/test/suite/Icecave/Skew/Entities/Messages/Job/JobProgressMessageTest.php" line="54" assertions="2" time="0.005347"/>
      <testcase name="testSetProgressFailureUnderflow" class="Icecave\Skew\Entities\Messages\Job\JobProgressMessageTest" file="/home/travis/build/IcecaveStudios/skew-entities/test/suite/Icecave/Skew/Entities/Messages/Job/JobProgressMessageTest.php" line="60" assertions="2" time="0.003655"/>
      <testcase name="testAccept" class="Icecave\Skew\Entities\Messages\Job\JobProgressMessageTest" file="/home/travis/build/IcecaveStudios/skew-entities/test/suite/Icecave/Skew/Entities/Messages/Job/JobProgressMessageTest.php" line="66" assertions="1" time="0.005470"/>
    </testsuite>
    <testsuite name="Icecave\Skew\Entities\Messages\Job\JobRejectMessageTest" file="/home/travis/build/IcecaveStudios/skew-entities/test/suite/Icecave/Skew/Entities/Messages/Job/JobRejectMessageTest.php" namespace="Icecave\Skew\Entities\Messages\Job" fullPackage="Icecave.Skew.Entities.Messages.Job" tests="6" assertions="10" failures="0" errors="0" time="0.022501">
      <testcase name="testInterfaces" class="Icecave\Skew\Entities\Messages\Job\JobRejectMessageTest" file="/home/travis/build/IcecaveStudios/skew-entities/test/suite/Icecave/Skew/Entities/Messages/Job/JobRejectMessageTest.php" line="14" assertions="5" time="0.004425"/>
      <testcase name="testType" class="Icecave\Skew\Entities\Messages\Job\JobRejectMessageTest" file="/home/travis/build/IcecaveStudios/skew-entities/test/suite/Icecave/Skew/Entities/Messages/Job/JobRejectMessageTest.php" line="24" assertions="1" time="0.003182"/>
      <testcase name="testSetJob" class="Icecave\Skew\Entities\Messages\Job\JobRejectMessageTest" file="/home/travis/build/IcecaveStudios/skew-entities/test/suite/Icecave/Skew/Entities/Messages/Job/JobRejectMessageTest.php" line="32" assertions="1" time="0.003256"/>
      <testcase name="testSetProcessor" class="Icecave\Skew\Entities\Messages\Job\JobRejectMessageTest" file="/home/travis/build/IcecaveStudios/skew-entities/test/suite/Icecave/Skew/Entities/Messages/Job/JobRejectMessageTest.php" line="41" assertions="1" time="0.003046"/>
      <testcase name="testReason" class="Icecave\Skew\Entities\Messages\Job\JobRejectMessageTest" file="/home/travis/build/IcecaveStudios/skew-entities/test/suite/Icecave/Skew/Entities/Messages/Job/JobRejectMessageTest.php" line="50" assertions="1" time="0.003156"/>
      <testcase name="testAccept" class="Icecave\Skew\Entities\Messages\Job\JobRejectMessageTest" file="/home/travis/build/IcecaveStudios/skew-entities/test/suite/Icecave/Skew/Entities/Messages/Job/JobRejectMessageTest.php" line="55" assertions="1" time="0.005436"/>
    </testsuite>
    <testsuite name="Icecave\Skew\Entities\Messages\Job\JobRequestMessageTest" file="/home/travis/build/IcecaveStudios/skew-entities/test/suite/Icecave/Skew/Entities/Messages/Job/JobRequestMessageTest.php" namespace="Icecave\Skew\Entities\Messages\Job" fullPackage="Icecave.Skew.Entities.Messages.Job" tests="7" assertions="14" failures="0" errors="0" time="0.057499">
      <testcase name="testInterfaces" class="Icecave\Skew\Entities\Messages\Job\JobRequestMessageTest" file="/home/travis/build/IcecaveStudios/skew-entities/test/suite/Icecave/Skew/Entities/Messages/Job/JobRequestMessageTest.php" line="16" assertions="5" time="0.011041"/>
      <testcase name="testType" class="Icecave\Skew\Entities\Messages\Job\JobRequestMessageTest" file="/home/travis/build/IcecaveStudios/skew-entities/test/suite/Icecave/Skew/Entities/Messages/Job/JobRequestMessageTest.php" line="26" assertions="1" time="0.003501"/>
      <testcase name="testSetJob" class="Icecave\Skew\Entities\Messages\Job\JobRequestMessageTest" file="/home/travis/build/IcecaveStudios/skew-entities/test/suite/Icecave/Skew/Entities/Messages/Job/JobRequestMessageTest.php" line="34" assertions="1" time="0.003494"/>
      <testcase name="testSetTask" class="Icecave\Skew\Entities\Messages\Job\JobRequestMessageTest" file="/home/travis/build/IcecaveStudios/skew-entities/test/suite/Icecave/Skew/Entities/Messages/Job/JobRequestMessageTest.php" line="40" assertions="2" time="0.003737"/>
      <testcase name="testSetTags" class="Icecave\Skew\Entities\Messages\Job\JobRequestMessageTest" file="/home/travis/build/IcecaveStudios/skew-entities/test/suite/Icecave/Skew/Entities/Messages/Job/JobRequestMessageTest.php" line="47" assertions="2" time="0.025737"/>
      <testcase name="testSetPaylaod" class="Icecave\Skew\Entities\Messages\Job\JobRequestMessageTest" file="/home/travis/build/IcecaveStudios/skew-entities/test/suite/Icecave/Skew/Entities/Messages/Job/JobRequestMessageTest.php" line="54" assertions="2" time="0.004331"/>
      <testcase name="testAccept" class="Icecave\Skew\Entities\Messages\Job\JobRequestMessageTest" file="/home/travis/build/IcecaveStudios/skew-entities/test/suite/Icecave/Skew/Entities/Messages/Job/JobRequestMessageTest.php" line="62" assertions="1" time="0.005657"/>
    </testsuite>
    <testsuite name="Icecave\Skew\Entities\Messages\Processor\ProcessorReadyMessageTest" file="/home/travis/build/IcecaveStudios/skew-entities/test/suite/Icecave/Skew/Entities/Messages/Processor/ProcessorReadyMessageTest.php" namespace="Icecave\Skew\Entities\Messages\Processor" fullPackage="Icecave.Skew.Entities.Messages.Processor" tests="4" assertions="8" failures="0" errors="0" time="0.016374">
      <testcase name="testInterfaces" class="Icecave\Skew\Entities\Messages\Processor\ProcessorReadyMessageTest" file="/home/travis/build/IcecaveStudios/skew-entities/test/suite/Icecave/Skew/Entities/Messages/Processor/ProcessorReadyMessageTest.php" line="14" assertions="5" time="0.004631"/>
      <testcase name="testType" class="Icecave\Skew\Entities\Messages\Processor\ProcessorReadyMessageTest" file="/home/travis/build/IcecaveStudios/skew-entities/test/suite/Icecave/Skew/Entities/Messages/Processor/ProcessorReadyMessageTest.php" line="24" assertions="1" time="0.003401"/>
      <testcase name="testSetProcessor" class="Icecave\Skew\Entities\Messages\Processor\ProcessorReadyMessageTest" file="/home/travis/build/IcecaveStudios/skew-entities/test/suite/Icecave/Skew/Entities/Messages/Processor/ProcessorReadyMessageTest.php" line="32" assertions="1" time="0.003127"/>
      <testcase name="testAccept" class="Icecave\Skew\Entities\Messages\Processor\ProcessorReadyMessageTest" file="/home/travis/build/IcecaveStudios/skew-entities/test/suite/Icecave/Skew/Entities/Messages/Processor/ProcessorReadyMessageTest.php" line="38" assertions="1" time="0.005215"/>
    </testsuite>
    <testsuite name="Icecave\Skew\Entities\Messages\Processor\ProcessorShutdownMessageTest" file="/home/travis/build/IcecaveStudios/skew-entities/test/suite/Icecave/Skew/Entities/Messages/Processor/ProcessorShutdownMessageTest.php" namespace="Icecave\Skew\Entities\Messages\Processor" fullPackage="Icecave.Skew.Entities.Messages.Processor" tests="4" assertions="8" failures="0" errors="0" time="0.016047">
      <testcase name="testInterfaces" class="Icecave\Skew\Entities\Messages\Processor\ProcessorShutdownMessageTest" file="/home/travis/build/IcecaveStudios/skew-entities/test/suite/Icecave/Skew/Entities/Messages/Processor/ProcessorShutdownMessageTest.php" line="14" assertions="5" time="0.004339"/>
      <testcase name="testType" class="Icecave\Skew\Entities\Messages\Processor\ProcessorShutdownMessageTest" file="/home/travis/build/IcecaveStudios/skew-entities/test/suite/Icecave/Skew/Entities/Messages/Processor/ProcessorShutdownMessageTest.php" line="24" assertions="1" time="0.003116"/>
      <testcase name="testSetProcessor" class="Icecave\Skew\Entities\Messages\Processor\ProcessorShutdownMessageTest" file="/home/travis/build/IcecaveStudios/skew-entities/test/suite/Icecave/Skew/Entities/Messages/Processor/ProcessorShutdownMessageTest.php" line="32" assertions="1" time="0.003158"/>
      <testcase name="testAccept" class="Icecave\Skew\Entities\Messages\Processor\ProcessorShutdownMessageTest" file="/home/travis/build/IcecaveStudios/skew-entities/test/suite/Icecave/Skew/Entities/Messages/Processor/ProcessorShutdownMessageTest.php" line="38" assertions="1" time="0.005434"/>
    </testsuite>
    <testsuite name="Icecave\Skew\Entities\Messages\Processor\ProcessorStartMessageTest" file="/home/travis/build/IcecaveStudios/skew-entities/test/suite/Icecave/Skew/Entities/Messages/Processor/ProcessorStartMessageTest.php" namespace="Icecave\Skew\Entities\Messages\Processor" fullPackage="Icecave.Skew.Entities.Messages.Processor" tests="5" assertions="10" failures="0" errors="0" time="0.032984">
      <testcase name="testInterfaces" class="Icecave\Skew\Entities\Messages\Processor\ProcessorStartMessageTest" file="/home/travis/build/IcecaveStudios/skew-entities/test/suite/Icecave/Skew/Entities/Messages/Processor/ProcessorStartMessageTest.php" line="15" assertions="5" time="0.004769"/>
      <testcase name="testType" class="Icecave\Skew\Entities\Messages\Processor\ProcessorStartMessageTest" file="/home/travis/build/IcecaveStudios/skew-entities/test/suite/Icecave/Skew/Entities/Messages/Processor/ProcessorStartMessageTest.php" line="25" assertions="1" time="0.003322"/>
      <testcase name="testSetProcessor" class="Icecave\Skew\Entities\Messages\Processor\ProcessorStartMessageTest" file="/home/travis/build/IcecaveStudios/skew-entities/test/suite/Icecave/Skew/Entities/Messages/Processor/ProcessorStartMessageTest.php" line="33" assertions="1" time="0.003421"/>
      <testcase name="testSetCapabilities" class="Icecave\Skew\Entities\Messages\Processor\ProcessorStartMessageTest" file="/home/travis/build/IcecaveStudios/skew-entities/test/suite/Icecave/Skew/Entities/Messages/Processor/ProcessorStartMessageTest.php" line="39" assertions="2" time="0.015788"/>
      <testcase name="testAccept" class="Icecave\Skew\Entities\Messages\Processor\ProcessorStartMessageTest" file="/home/travis/build/IcecaveStudios/skew-entities/test/suite/Icecave/Skew/Entities/Messages/Processor/ProcessorStartMessageTest.php" line="46" assertions="1" time="0.005684"/>
    </testsuite>
    <testsuite name="Icecave\Skew\Entities\Messages\Processor\ProcessorStopMessageTest" file="/home/travis/build/IcecaveStudios/skew-entities/test/suite/Icecave/Skew/Entities/Messages/Processor/ProcessorStopMessageTest.php" namespace="Icecave\Skew\Entities\Messages\Processor" fullPackage="Icecave.Skew.Entities.Messages.Processor" tests="4" assertions="8" failures="0" errors="0" time="0.015970">
      <testcase name="testInterfaces" class="Icecave\Skew\Entities\Messages\Processor\ProcessorStopMessageTest" file="/home/travis/build/IcecaveStudios/skew-entities/test/suite/Icecave/Skew/Entities/Messages/Processor/ProcessorStopMessageTest.php" line="14" assertions="5" time="0.004435"/>
      <testcase name="testType" class="Icecave\Skew\Entities\Messages\Processor\ProcessorStopMessageTest" file="/home/travis/build/IcecaveStudios/skew-entities/test/suite/Icecave/Skew/Entities/Messages/Processor/ProcessorStopMessageTest.php" line="24" assertions="1" time="0.002905"/>
      <testcase name="testSetProcessor" class="Icecave\Skew\Entities\Messages\Processor\ProcessorStopMessageTest" file="/home/travis/build/IcecaveStudios/skew-entities/test/suite/Icecave/Skew/Entities/Messages/Processor/ProcessorStopMessageTest.php" line="32" assertions="1" time="0.003119"/>
      <testcase name="testAccept" class="Icecave\Skew\Entities\Messages\Processor\ProcessorStopMessageTest" file="/home/travis/build/IcecaveStudios/skew-entities/test/suite/Icecave/Skew/Entities/Messages/Processor/ProcessorStopMessageTest.php" line="38" assertions="1" time="0.005511"/>
    </testsuite>
  </testsuite>
</testsuites>
