<?xml version="1.0" encoding="UTF-8"?>
<testsuites>
  <testsuite name="" tests="62" assertions="114" failures="0" errors="0" time="0.296688">
    <testsuite name="Icecave\Skew\Entities\Messages\Job\JobAcceptMessageTest" file="/home/travis/build/IcecaveStudios/skew-entities/test/suite/Icecave/Skew/Entities/Messages/Job/JobAcceptMessageTest.php" namespace="Icecave\Skew\Entities\Messages\Job" fullPackage="Icecave.Skew.Entities.Messages.Job" tests="5" assertions="9" failures="0" errors="0" time="0.032474">
      <testcase name="testInterfaces" class="Icecave\Skew\Entities\Messages\Job\JobAcceptMessageTest" file="/home/travis/build/IcecaveStudios/skew-entities/test/suite/Icecave/Skew/Entities/Messages/Job/JobAcceptMessageTest.php" line="14" assertions="5" time="0.010669"/>
      <testcase name="testType" class="Icecave\Skew\Entities\Messages\Job\JobAcceptMessageTest" file="/home/travis/build/IcecaveStudios/skew-entities/test/suite/Icecave/Skew/Entities/Messages/Job/JobAcceptMessageTest.php" line="24" assertions="1" time="0.003708"/>
      <testcase name="testSetJob" class="Icecave\Skew\Entities\Messages\Job\JobAcceptMessageTest" file="/home/travis/build/IcecaveStudios/skew-entities/test/suite/Icecave/Skew/Entities/Messages/Job/JobAcceptMessageTest.php" line="32" assertions="1" time="0.003009"/>
      <testcase name="testSetProcessor" class="Icecave\Skew\Entities\Messages\Job\JobAcceptMessageTest" file="/home/travis/build/IcecaveStudios/skew-entities/test/suite/Icecave/Skew/Entities/Messages/Job/JobAcceptMessageTest.php" line="41" assertions="1" time="0.002863"/>
      <testcase name="testAccept" class="Icecave\Skew\Entities\Messages\Job\JobAcceptMessageTest" file="/home/travis/build/IcecaveStudios/skew-entities/test/suite/Icecave/Skew/Entities/Messages/Job/JobAcceptMessageTest.php" line="47" assertions="1" time="0.012225"/>
    </testsuite>
    <testsuite name="Icecave\Skew\Entities\Messages\Job\JobCompleteMessageTest" file="/home/travis/build/IcecaveStudios/skew-entities/test/suite/Icecave/Skew/Entities/Messages/Job/JobCompleteMessageTest.php" namespace="Icecave\Skew\Entities\Messages\Job" fullPackage="Icecave.Skew.Entities.Messages.Job" tests="5" assertions="9" failures="0" errors="0" time="0.018936">
      <testcase name="testInterfaces" class="Icecave\Skew\Entities\Messages\Job\JobCompleteMessageTest" file="/home/travis/build/IcecaveStudios/skew-entities/test/suite/Icecave/Skew/Entities/Messages/Job/JobCompleteMessageTest.php" line="14" assertions="5" time="0.004419"/>
      <testcase name="testType" class="Icecave\Skew\Entities\Messages\Job\JobCompleteMessageTest" file="/home/travis/build/IcecaveStudios/skew-entities/test/suite/Icecave/Skew/Entities/Messages/Job/JobCompleteMessageTest.php" line="24" assertions="1" time="0.003057"/>
      <testcase name="testSetJob" class="Icecave\Skew\Entities\Messages\Job\JobCompleteMessageTest" file="/home/travis/build/IcecaveStudios/skew-entities/test/suite/Icecave/Skew/Entities/Messages/Job/JobCompleteMessageTest.php" line="32" assertions="1" time="0.003114"/>
      <testcase name="testSetProcessor" class="Icecave\Skew\Entities\Messages\Job\JobCompleteMessageTest" file="/home/travis/build/IcecaveStudios/skew-entities/test/suite/Icecave/Skew/Entities/Messages/Job/JobCompleteMessageTest.php" line="41" assertions="1" time="0.003058"/>
      <testcase name="testAccept" class="Icecave\Skew\Entities\Messages\Job\JobCompleteMessageTest" file="/home/travis/build/IcecaveStudios/skew-entities/test/suite/Icecave/Skew/Entities/Messages/Job/JobCompleteMessageTest.php" line="47" assertions="1" time="0.005288"/>
    </testsuite>
    <testsuite name="Icecave\Skew\Entities\Messages\Job\JobErrorMessageTest" file="/home/travis/build/IcecaveStudios/skew-entities/test/suite/Icecave/Skew/Entities/Messages/Job/JobErrorMessageTest.php" namespace="Icecave\Skew\Entities\Messages\Job" fullPackage="Icecave.Skew.Entities.Messages.Job" tests="7" assertions="12" failures="0" errors="0" time="0.026770">
      <testcase name="testInterfaces" class="Icecave\Skew\Entities\Messages\Job\JobErrorMessageTest" file="/home/travis/build/IcecaveStudios/skew-entities/test/suite/Icecave/Skew/Entities/Messages/Job/JobErrorMessageTest.php" line="14" assertions="5" time="0.004492"/>
      <testcase name="testType" class="Icecave\Skew\Entities\Messages\Job\JobErrorMessageTest" file="/home/travis/build/IcecaveStudios/skew-entities/test/suite/Icecave/Skew/Entities/Messages/Job/JobErrorMessageTest.php" line="24" assertions="1" time="0.003145"/>
      <testcase name="testSetJob" class="Icecave\Skew\Entities\Messages\Job\JobErrorMessageTest" file="/home/travis/build/IcecaveStudios/skew-entities/test/suite/Icecave/Skew/Entities/Messages/Job/JobErrorMessageTest.php" line="32" assertions="1" time="0.003219"/>
      <testcase name="testSetProcessor" class="Icecave\Skew\Entities\Messages\Job\JobErrorMessageTest" file="/home/travis/build/IcecaveStudios/skew-entities/test/suite/Icecave/Skew/Entities/Messages/Job/JobErrorMessageTest.php" line="41" assertions="1" time="0.003171"/>
      <testcase name="testReason" class="Icecave\Skew\Entities\Messages\Job\JobErrorMessageTest" file="/home/travis/build/IcecaveStudios/skew-entities/test/suite/Icecave/Skew/Entities/Messages/Job/JobErrorMessageTest.php" line="50" assertions="1" time="0.003070"/>
      <testcase name="testSetReschedule" class="Icecave\Skew\Entities\Messages\Job\JobErrorMessageTest" file="/home/travis/build/IcecaveStudios/skew-entities/test/suite/Icecave/Skew/Entities/Messages/Job/JobErrorMessageTest.php" line="55" assertions="2" time="0.004510"/>
      <testcase name="testAccept" class="Icecave\Skew\Entities\Messages\Job\JobErrorMessageTest" file="/home/travis/build/IcecaveStudios/skew-entities/test/suite/Icecave/Skew/Entities/Messages/Job/JobErrorMessageTest.php" line="62" assertions="1" time="0.005163"/>
    </testsuite>
    <testsuite name="Icecave\Skew\Entities\Messages\Job\JobLogMessageTest" file="/home/travis/build/IcecaveStudios/skew-entities/test/suite/Icecave/Skew/Entities/Messages/Job/JobLogMessageTest.php" namespace="Icecave\Skew\Entities\Messages\Job" fullPackage="Icecave.Skew.Entities.Messages.Job" tests="7" assertions="11" failures="0" errors="0" time="0.028224">
      <testcase name="testInterfaces" class="Icecave\Skew\Entities\Messages\Job\JobLogMessageTest" file="/home/travis/build/IcecaveStudios/skew-entities/test/suite/Icecave/Skew/Entities/Messages/Job/JobLogMessageTest.php" line="14" assertions="5" time="0.006653"/>
      <testcase name="testType" class="Icecave\Skew\Entities\Messages\Job\JobLogMessageTest" file="/home/travis/build/IcecaveStudios/skew-entities/test/suite/Icecave/Skew/Entities/Messages/Job/JobLogMessageTest.php" line="24" assertions="1" time="0.003282"/>
      <testcase name="testSetJob" class="Icecave\Skew\Entities\Messages\Job\JobLogMessageTest" file="/home/travis/build/IcecaveStudios/skew-entities/test/suite/Icecave/Skew/Entities/Messages/Job/JobLogMessageTest.php" line="32" assertions="1" time="0.003345"/>
      <testcase name="testSetProcessor" class="Icecave\Skew\Entities\Messages\Job\JobLogMessageTest" file="/home/travis/build/IcecaveStudios/skew-entities/test/suite/Icecave/Skew/Entities/Messages/Job/JobLogMessageTest.php" line="41" assertions="1" time="0.003288"/>
      <testcase name="testLevel" class="Icecave\Skew\Entities\Messages\Job\JobLogMessageTest" file="/home/travis/build/IcecaveStudios/skew-entities/test/suite/Icecave/Skew/Entities/Messages/Job/JobLogMessageTest.php" line="47" assertions="1" time="0.003276"/>
      <testcase name="testMessage" class="Icecave\Skew\Entities\Messages\Job\JobLogMessageTest" file="/home/travis/build/IcecaveStudios/skew-entities/test/suite/Icecave/Skew/Entities/Messages/Job/JobLogMessageTest.php" line="52" assertions="1" time="0.003117"/>
      <testcase name="testAccept" class="Icecave\Skew\Entities\Messages\Job\JobLogMessageTest" file="/home/travis/build/IcecaveStudios/skew-entities/test/suite/Icecave/Skew/Entities/Messages/Job/JobLogMessageTest.php" line="57" assertions="1" time="0.005263"/>
    </testsuite>
    <testsuite name="Icecave\Skew\Entities\Messages\Job\JobProgressMessageTest" file="/home/travis/build/IcecaveStudios/skew-entities/test/suite/Icecave/Skew/Entities/Messages/Job/JobProgressMessageTest.php" namespace="Icecave\Skew\Entities\Messages\Job" fullPackage="Icecave.Skew.Entities.Messages.Job" tests="8" assertions="15" failures="0" errors="0" time="0.031810">
      <testcase name="testInterfaces" class="Icecave\Skew\Entities\Messages\Job\JobProgressMessageTest" file="/home/travis/build/IcecaveStudios/skew-entities/test/suite/Icecave/Skew/Entities/Messages/Job/JobProgressMessageTest.php" line="14" assertions="5" time="0.004445"/>
      <testcase name="testType" class="Icecave\Skew\Entities\Messages\Job\JobProgressMessageTest" file="/home/travis/build/IcecaveStudios/skew-entities/test/suite/Icecave/Skew/Entities/Messages/Job/JobProgressMessageTest.php" line="24" assertions="1" time="0.003482"/>
      <testcase name="testSetJob" class="Icecave\Skew\Entities\Messages\Job\JobProgressMessageTest" file="/home/travis/build/IcecaveStudios/skew-entities/test/suite/Icecave/Skew/Entities/Messages/Job/JobProgressMessageTest.php" line="32" assertions="1" time="0.003238"/>
      <testcase name="testSetProcessor" class="Icecave\Skew\Entities\Messages\Job\JobProgressMessageTest" file="/home/travis/build/IcecaveStudios/skew-entities/test/suite/Icecave/Skew/Entities/Messages/Job/JobProgressMessageTest.php" line="41" assertions="1" time="0.003175"/>
      <testcase name="testSetProgress" class="Icecave\Skew\Entities\Messages\Job\JobProgressMessageTest" file="/home/travis/build/IcecaveStudios/skew-entities/test/suite/Icecave/Skew/Entities/Messages/Job/JobProgressMessageTest.php" line="47" assertions="2" time="0.003454"/>
      <testcase name="testSetProgressFailureOverflow" class="Icecave\Skew\Entities\Messages\Job\JobProgressMessageTest" file="/home/travis/build/IcecaveStudios/skew-entities/test/suite/Icecave/Skew/Entities/Messages/Job/JobProgressMessageTest.php" line="54" assertions="2" time="0.005291"/>
      <testcase name="testSetProgressFailureUnderflow" class="Icecave\Skew\Entities\Messages\Job\JobProgressMessageTest" file="/home/travis/build/IcecaveStudios/skew-entities/test/suite/Icecave/Skew/Entities/Messages/Job/JobProgressMessageTest.php" line="60" assertions="2" time="0.003520"/>
      <testcase name="testAccept" class="Icecave\Skew\Entities\Messages\Job\JobProgressMessageTest" file="/home/travis/build/IcecaveStudios/skew-entities/test/suite/Icecave/Skew/Entities/Messages/Job/JobProgressMessageTest.php" line="66" assertions="1" time="0.005205"/>
    </testsuite>
    <testsuite name="Icecave\Skew\Entities\Messages\Job\JobRejectMessageTest" file="/home/travis/build/IcecaveStudios/skew-entities/test/suite/Icecave/Skew/Entities/Messages/Job/JobRejectMessageTest.php" namespace="Icecave\Skew\Entities\Messages\Job" fullPackage="Icecave.Skew.Entities.Messages.Job" tests="6" assertions="10" failures="0" errors="0" time="0.022199">
      <testcase name="testInterfaces" class="Icecave\Skew\Entities\Messages\Job\JobRejectMessageTest" file="/home/travis/build/IcecaveStudios/skew-entities/test/suite/Icecave/Skew/Entities/Messages/Job/JobRejectMessageTest.php" line="14" assertions="5" time="0.004351"/>
      <testcase name="testType" class="Icecave\Skew\Entities\Messages\Job\JobRejectMessageTest" file="/home/travis/build/IcecaveStudios/skew-entities/test/suite/Icecave/Skew/Entities/Messages/Job/JobRejectMessageTest.php" line="24" assertions="1" time="0.002961"/>
      <testcase name="testSetJob" class="Icecave\Skew\Entities\Messages\Job\JobRejectMessageTest" file="/home/travis/build/IcecaveStudios/skew-entities/test/suite/Icecave/Skew/Entities/Messages/Job/JobRejectMessageTest.php" line="32" assertions="1" time="0.003164"/>
      <testcase name="testSetProcessor" class="Icecave\Skew\Entities\Messages\Job\JobRejectMessageTest" file="/home/travis/build/IcecaveStudios/skew-entities/test/suite/Icecave/Skew/Entities/Messages/Job/JobRejectMessageTest.php" line="41" assertions="1" time="0.003156"/>
      <testcase name="testReason" class="Icecave\Skew\Entities\Messages\Job\JobRejectMessageTest" file="/home/travis/build/IcecaveStudios/skew-entities/test/suite/Icecave/Skew/Entities/Messages/Job/JobRejectMessageTest.php" line="50" assertions="1" time="0.003129"/>
      <testcase name="testAccept" class="Icecave\Skew\Entities\Messages\Job\JobRejectMessageTest" file="/home/travis/build/IcecaveStudios/skew-entities/test/suite/Icecave/Skew/Entities/Messages/Job/JobRejectMessageTest.php" line="55" assertions="1" time="0.005438"/>
    </testsuite>
    <testsuite name="Icecave\Skew\Entities\Messages\Job\JobRequestMessageTest" file="/home/travis/build/IcecaveStudios/skew-entities/test/suite/Icecave/Skew/Entities/Messages/Job/JobRequestMessageTest.php" namespace="Icecave\Skew\Entities\Messages\Job" fullPackage="Icecave.Skew.Entities.Messages.Job" tests="7" assertions="14" failures="0" errors="0" time="0.056455">
      <testcase name="testInterfaces" class="Icecave\Skew\Entities\Messages\Job\JobRequestMessageTest" file="/home/travis/build/IcecaveStudios/skew-entities/test/suite/Icecave/Skew/Entities/Messages/Job/JobRequestMessageTest.php" line="16" assertions="5" time="0.010912"/>
      <testcase name="testType" class="Icecave\Skew\Entities\Messages\Job\JobRequestMessageTest" file="/home/travis/build/IcecaveStudios/skew-entities/test/suite/Icecave/Skew/Entities/Messages/Job/JobRequestMessageTest.php" line="26" assertions="1" time="0.003419"/>
      <testcase name="testSetJob" class="Icecave\Skew\Entities\Messages\Job\JobRequestMessageTest" file="/home/travis/build/IcecaveStudios/skew-entities/test/suite/Icecave/Skew/Entities/Messages/Job/JobRequestMessageTest.php" line="34" assertions="1" time="0.003457"/>
      <testcase name="testSetTask" class="Icecave\Skew\Entities\Messages\Job\JobRequestMessageTest" file="/home/travis/build/IcecaveStudios/skew-entities/test/suite/Icecave/Skew/Entities/Messages/Job/JobRequestMessageTest.php" line="40" assertions="2" time="0.003709"/>
      <testcase name="testSetTags" class="Icecave\Skew\Entities\Messages\Job\JobRequestMessageTest" file="/home/travis/build/IcecaveStudios/skew-entities/test/suite/Icecave/Skew/Entities/Messages/Job/JobRequestMessageTest.php" line="47" assertions="2" time="0.024977"/>
      <testcase name="testSetPaylaod" class="Icecave\Skew\Entities\Messages\Job\JobRequestMessageTest" file="/home/travis/build/IcecaveStudios/skew-entities/test/suite/Icecave/Skew/Entities/Messages/Job/JobRequestMessageTest.php" line="54" assertions="2" time="0.004229"/>
      <testcase name="testAccept" class="Icecave\Skew\Entities\Messages\Job\JobRequestMessageTest" file="/home/travis/build/IcecaveStudios/skew-entities/test/suite/Icecave/Skew/Entities/Messages/Job/JobRequestMessageTest.php" line="62" assertions="1" time="0.005752"/>
    </testsuite>
    <testsuite name="Icecave\Skew\Entities\Messages\Processor\ProcessorReadyMessageTest" file="/home/travis/build/IcecaveStudios/skew-entities/test/suite/Icecave/Skew/Entities/Messages/Processor/ProcessorReadyMessageTest.php" namespace="Icecave\Skew\Entities\Messages\Processor" fullPackage="Icecave.Skew.Entities.Messages.Processor" tests="4" assertions="8" failures="0" errors="0" time="0.015986">
      <testcase name="testInterfaces" class="Icecave\Skew\Entities\Messages\Processor\ProcessorReadyMessageTest" file="/home/travis/build/IcecaveStudios/skew-entities/test/suite/Icecave/Skew/Entities/Messages/Processor/ProcessorReadyMessageTest.php" line="14" assertions="5" time="0.004454"/>
      <testcase name="testType" class="Icecave\Skew\Entities\Messages\Processor\ProcessorReadyMessageTest" file="/home/travis/build/IcecaveStudios/skew-entities/test/suite/Icecave/Skew/Entities/Messages/Processor/ProcessorReadyMessageTest.php" line="24" assertions="1" time="0.003088"/>
      <testcase name="testSetProcessor" class="Icecave\Skew\Entities\Messages\Processor\ProcessorReadyMessageTest" file="/home/travis/build/IcecaveStudios/skew-entities/test/suite/Icecave/Skew/Entities/Messages/Processor/ProcessorReadyMessageTest.php" line="32" assertions="1" time="0.003072"/>
      <testcase name="testAccept" class="Icecave\Skew\Entities\Messages\Processor\ProcessorReadyMessageTest" file="/home/travis/build/IcecaveStudios/skew-entities/test/suite/Icecave/Skew/Entities/Messages/Processor/ProcessorReadyMessageTest.php" line="38" assertions="1" time="0.005372"/>
    </testsuite>
    <testsuite name="Icecave\Skew\Entities\Messages\Processor\ProcessorShutdownMessageTest" file="/home/travis/build/IcecaveStudios/skew-entities/test/suite/Icecave/Skew/Entities/Messages/Processor/ProcessorShutdownMessageTest.php" namespace="Icecave\Skew\Entities\Messages\Processor" fullPackage="Icecave.Skew.Entities.Messages.Processor" tests="4" assertions="8" failures="0" errors="0" time="0.015688">
      <testcase name="testInterfaces" class="Icecave\Skew\Entities\Messages\Processor\ProcessorShutdownMessageTest" file="/home/travis/build/IcecaveStudios/skew-entities/test/suite/Icecave/Skew/Entities/Messages/Processor/ProcessorShutdownMessageTest.php" line="14" assertions="5" time="0.004312"/>
      <testcase name="testType" class="Icecave\Skew\Entities\Messages\Processor\ProcessorShutdownMessageTest" file="/home/travis/build/IcecaveStudios/skew-entities/test/suite/Icecave/Skew/Entities/Messages/Processor/ProcessorShutdownMessageTest.php" line="24" assertions="1" time="0.003018"/>
      <testcase name="testSetProcessor" class="Icecave\Skew\Entities\Messages\Processor\ProcessorShutdownMessageTest" file="/home/travis/build/IcecaveStudios/skew-entities/test/suite/Icecave/Skew/Entities/Messages/Processor/ProcessorShutdownMessageTest.php" line="32" assertions="1" time="0.003003"/>
      <testcase name="testAccept" class="Icecave\Skew\Entities\Messages\Processor\ProcessorShutdownMessageTest" file="/home/travis/build/IcecaveStudios/skew-entities/test/suite/Icecave/Skew/Entities/Messages/Processor/ProcessorShutdownMessageTest.php" line="38" assertions="1" time="0.005355"/>
    </testsuite>
    <testsuite name="Icecave\Skew\Entities\Messages\Processor\ProcessorStartMessageTest" file="/home/travis/build/IcecaveStudios/skew-entities/test/suite/Icecave/Skew/Entities/Messages/Processor/ProcessorStartMessageTest.php" namespace="Icecave\Skew\Entities\Messages\Processor" fullPackage="Icecave.Skew.Entities.Messages.Processor" tests="5" assertions="10" failures="0" errors="0" time="0.032060">
      <testcase name="testInterfaces" class="Icecave\Skew\Entities\Messages\Processor\ProcessorStartMessageTest" file="/home/travis/build/IcecaveStudios/skew-entities/test/suite/Icecave/Skew/Entities/Messages/Processor/ProcessorStartMessageTest.php" line="15" assertions="5" time="0.004655"/>
      <testcase name="testType" class="Icecave\Skew\Entities\Messages\Processor\ProcessorStartMessageTest" file="/home/travis/build/IcecaveStudios/skew-entities/test/suite/Icecave/Skew/Entities/Messages/Processor/ProcessorStartMessageTest.php" line="25" assertions="1" time="0.003300"/>
      <testcase name="testSetProcessor" class="Icecave\Skew\Entities\Messages\Processor\ProcessorStartMessageTest" file="/home/travis/build/IcecaveStudios/skew-entities/test/suite/Icecave/Skew/Entities/Messages/Processor/ProcessorStartMessageTest.php" line="33" assertions="1" time="0.003288"/>
      <testcase name="testSetCapabilities" class="Icecave\Skew\Entities\Messages\Processor\ProcessorStartMessageTest" file="/home/travis/build/IcecaveStudios/skew-entities/test/suite/Icecave/Skew/Entities/Messages/Processor/ProcessorStartMessageTest.php" line="39" assertions="2" time="0.015437"/>
      <testcase name="testAccept" class="Icecave\Skew\Entities\Messages\Processor\ProcessorStartMessageTest" file="/home/travis/build/IcecaveStudios/skew-entities/test/suite/Icecave/Skew/Entities/Messages/Processor/ProcessorStartMessageTest.php" line="46" assertions="1" time="0.005380"/>
    </testsuite>
    <testsuite name="Icecave\Skew\Entities\Messages\Processor\ProcessorStopMessageTest" file="/home/travis/build/IcecaveStudios/skew-entities/test/suite/Icecave/Skew/Entities/Messages/Processor/ProcessorStopMessageTest.php" namespace="Icecave\Skew\Entities\Messages\Processor" fullPackage="Icecave.Skew.Entities.Messages.Processor" tests="4" assertions="8" failures="0" errors="0" time="0.016085">
      <testcase name="testInterfaces" class="Icecave\Skew\Entities\Messages\Processor\ProcessorStopMessageTest" file="/home/travis/build/IcecaveStudios/skew-entities/test/suite/Icecave/Skew/Entities/Messages/Processor/ProcessorStopMessageTest.php" line="14" assertions="5" time="0.004472"/>
      <testcase name="testType" class="Icecave\Skew\Entities\Messages\Processor\ProcessorStopMessageTest" file="/home/travis/build/IcecaveStudios/skew-entities/test/suite/Icecave/Skew/Entities/Messages/Processor/ProcessorStopMessageTest.php" line="24" assertions="1" time="0.003096"/>
      <testcase name="testSetProcessor" class="Icecave\Skew\Entities\Messages\Processor\ProcessorStopMessageTest" file="/home/travis/build/IcecaveStudios/skew-entities/test/suite/Icecave/Skew/Entities/Messages/Processor/ProcessorStopMessageTest.php" line="32" assertions="1" time="0.003086"/>
      <testcase name="testAccept" class="Icecave\Skew\Entities\Messages\Processor\ProcessorStopMessageTest" file="/home/travis/build/IcecaveStudios/skew-entities/test/suite/Icecave/Skew/Entities/Messages/Processor/ProcessorStopMessageTest.php" line="38" assertions="1" time="0.005431"/>
    </testsuite>
  </testsuite>
</testsuites>
